# JRE version: OpenJDK Runtime Environment (8.0_152-b01) (build 1.8.0_152-release-1343-b01)
# Java VM: OpenJDK 64-Bit Server VM (25.152-b01 mixed mode windows-amd64 compressed oops)
Heap:
 PSYoungGen      total 193536K, used 72299K [0x00000000e0000000, 0x00000000ef100000, 0x0000000100000000)
  eden space 174592K, 30% used [0x00000000e0000000,0x00000000e341e6e8,0x00000000eaa80000)
  from space 18944K, 99% used [0x00000000eaa80000,0x00000000ebcfc668,0x00000000ebd00000)
  to   space 23040K, 0% used [0x00000000eda80000,0x00000000eda80000,0x00000000ef100000)
 ParOldGen       total 111616K, used 35770K [0x00000000a0000000, 0x00000000a6d00000, 0x00000000e0000000)
  object space 111616K, 32% used [0x00000000a0000000,0x00000000a22ee888,0x00000000a6d00000)
 Metaspace       used 80034K, capacity 83296K, committed 83416K, reserved 1122304K
  class space    used 10589K, capacity 11219K, committed 11264K, reserved 1048576K
GC Heap History (10 events):
Event: 45.301 GC heap before
{Heap before GC invocations=18 (full 2):
 PSYoungGen      total 140800K, used 56030K [0x00000000e0000000, 0x00000000eb500000, 0x0000000100000000)
  eden space 127488K, 34% used [0x00000000e0000000,0x00000000e2afb128,0x00000000e7c80000)
  from space 13312K, 90% used [0x00000000e7c80000,0x00000000e883ca10,0x00000000e8980000)
  to   space 14848K, 0% used [0x00000000ea680000,0x00000000ea680000,0x00000000eb500000)
 ParOldGen       total 78336K, used 21421K [0x00000000a0000000, 0x00000000a4c80000, 0x00000000e0000000)
  object space 78336K, 27% used [0x00000000a0000000,0x00000000a14eb770,0x00000000a4c80000)
 Metaspace       used 57279K, capacity 59046K, committed 59096K, reserved 1099776K
  class space    used 7517K, capacity 7891K, committed 7936K, reserved 1048576K
Event: 45.316 GC heap after
Heap after GC invocations=18 (full 2):
 PSYoungGen      total 169472K, used 11893K [0x00000000e0000000, 0x00000000ebc80000, 0x0000000100000000)
  eden space 154624K, 0% used [0x00000000e0000000,0x00000000e0000000,0x00000000e9700000)
  from space 14848K, 80% used [0x00000000ea680000,0x00000000eb21d7e0,0x00000000eb500000)
  to   space 15872K, 0% used [0x00000000e9700000,0x00000000e9700000,0x00000000ea680000)
 ParOldGen       total 78336K, used 21429K [0x00000000a0000000, 0x00000000a4c80000, 0x00000000e0000000)
  object space 78336K, 27% used [0x00000000a0000000,0x00000000a14ed770,0x00000000a4c80000)
 Metaspace       used 57279K, capacity 59046K, committed 59096K, reserved 1099776K
  class space    used 7517K, capacity 7891K, committed 7936K, reserved 1048576K
}
Event: 45.316 GC heap before
{Heap before GC invocations=19 (full 3):
 PSYoungGen      total 169472K, used 11893K [0x00000000e0000000, 0x00000000ebc80000, 0x0000000100000000)
  eden space 154624K, 0% used [0x00000000e0000000,0x00000000e0000000,0x00000000e9700000)
  from space 14848K, 80% used [0x00000000ea680000,0x00000000eb21d7e0,0x00000000eb500000)
  to   space 15872K, 0% used [0x00000000e9700000,0x00000000e9700000,0x00000000ea680000)
 ParOldGen       total 78336K, used 21429K [0x00000000a0000000, 0x00000000a4c80000, 0x00000000e0000000)
  object space 78336K, 27% used [0x00000000a0000000,0x00000000a14ed770,0x00000000a4c80000)
 Metaspace       used 57279K, capacity 59046K, committed 59096K, reserved 1099776K
  class space    used 7517K, capacity 7891K, committed 7936K, reserved 1048576K
Event: 45.620 GC heap after
Heap after GC invocations=19 (full 3):
 PSYoungGen      total 169472K, used 0K [0x00000000e0000000, 0x00000000ebc80000, 0x0000000100000000)
  eden space 154624K, 0% used [0x00000000e0000000,0x00000000e0000000,0x00000000e9700000)
  from space 14848K, 0% used [0x00000000ea680000,0x00000000ea680000,0x00000000eb500000)
  to   space 15872K, 0% used [0x00000000e9700000,0x00000000e9700000,0x00000000ea680000)
 ParOldGen       total 111616K, used 30401K [0x00000000a0000000, 0x00000000a6d00000, 0x00000000e0000000)
  object space 111616K, 27% used [0x00000000a0000000,0x00000000a1db0508,0x00000000a6d00000)
 Metaspace       used 57218K, capacity 58922K, committed 59096K, reserved 1099776K
  class space    used 7500K, capacity 7871K, committed 7936K, reserved 1048576K
}
Event: 280.673 GC heap before
{Heap before GC invocations=20 (full 3):
 PSYoungGen      total 169472K, used 154284K [0x00000000e0000000, 0x00000000ebc80000, 0x0000000100000000)
  eden space 154624K, 99% used [0x00000000e0000000,0x00000000e96ab128,0x00000000e9700000)
  from space 14848K, 0% used [0x00000000ea680000,0x00000000ea680000,0x00000000eb500000)
  to   space 15872K, 0% used [0x00000000e9700000,0x00000000e9700000,0x00000000ea680000)
 ParOldGen       total 111616K, used 30401K [0x00000000a0000000, 0x00000000a6d00000, 0x00000000e0000000)
  object space 111616K, 27% used [0x00000000a0000000,0x00000000a1db0508,0x00000000a6d00000)
 Metaspace       used 62745K, capacity 64942K, committed 65112K, reserved 1105920K
  class space    used 8122K, capacity 8551K, committed 8576K, reserved 1048576K
Event: 280.691 GC heap after
Heap after GC invocations=20 (full 3):
 PSYoungGen      total 170496K, used 10267K [0x00000000e0000000, 0x00000000ecc80000, 0x0000000100000000)
  eden space 154624K, 0% used [0x00000000e0000000,0x00000000e0000000,0x00000000e9700000)
  from space 15872K, 64% used [0x00000000e9700000,0x00000000ea106ce0,0x00000000ea680000)
  to   space 15872K, 0% used [0x00000000ebd00000,0x00000000ebd00000,0x00000000ecc80000)
 ParOldGen       total 111616K, used 30409K [0x00000000a0000000, 0x00000000a6d00000, 0x00000000e0000000)
  object space 111616K, 27% used [0x00000000a0000000,0x00000000a1db2508,0x00000000a6d00000)
 Metaspace       used 62745K, capacity 64942K, committed 65112K, reserved 1105920K
  class space    used 8122K, capacity 8551K, committed 8576K, reserved 1048576K
}
Event: 283.265 GC heap before
{Heap before GC invocations=21 (full 3):
 PSYoungGen      total 170496K, used 164891K [0x00000000e0000000, 0x00000000ecc80000, 0x0000000100000000)
  eden space 154624K, 100% used [0x00000000e0000000,0x00000000e9700000,0x00000000e9700000)
  from space 15872K, 64% used [0x00000000e9700000,0x00000000ea106ce0,0x00000000ea680000)
  to   space 15872K, 0% used [0x00000000ebd00000,0x00000000ebd00000,0x00000000ecc80000)
 ParOldGen       total 111616K, used 30409K [0x00000000a0000000, 0x00000000a6d00000, 0x00000000e0000000)
  object space 111616K, 27% used [0x00000000a0000000,0x00000000a1db2508,0x00000000a6d00000)
 Metaspace       used 68625K, capacity 71014K, committed 71384K, reserved 1112064K
  class space    used 8898K, capacity 9370K, committed 9472K, reserved 1048576K
Event: 283.290 GC heap after
Heap after GC invocations=21 (full 3):
 PSYoungGen      total 190464K, used 15848K [0x00000000e0000000, 0x00000000ed280000, 0x0000000100000000)
  eden space 174592K, 0% used [0x00000000e0000000,0x00000000e0000000,0x00000000eaa80000)
  from space 15872K, 99% used [0x00000000ebd00000,0x00000000ecc7a348,0x00000000ecc80000)
  to   space 18944K, 0% used [0x00000000eaa80000,0x00000000eaa80000,0x00000000ebd00000)
 ParOldGen       total 111616K, used 32275K [0x00000000a0000000, 0x00000000a6d00000, 0x00000000e0000000)
  object space 111616K, 28% used [0x00000000a0000000,0x00000000a1f84c18,0x00000000a6d00000)
 Metaspace       used 68625K, capacity 71014K, committed 71384K, reserved 1112064K
  class space    used 8898K, capacity 9370K, committed 9472K, reserved 1048576K
}
Event: 288.188 GC heap before
{Heap before GC invocations=22 (full 3):
 PSYoungGen      total 190464K, used 190440K [0x00000000e0000000, 0x00000000ed280000, 0x0000000100000000)
  eden space 174592K, 100% used [0x00000000e0000000,0x00000000eaa80000,0x00000000eaa80000)
  from space 15872K, 99% used [0x00000000ebd00000,0x00000000ecc7a348,0x00000000ecc80000)
  to   space 18944K, 0% used [0x00000000eaa80000,0x00000000eaa80000,0x00000000ebd00000)
 ParOldGen       total 111616K, used 32275K [0x00000000a0000000, 0x00000000a6d00000, 0x00000000e0000000)
  object space 111616K, 28% used [0x00000000a0000000,0x00000000a1f84c18,0x00000000a6d00000)
 Metaspace       used 77246K, capacity 80224K, committed 80344K, reserved 1118208K
  class space    used 10179K, capacity 10738K, committed 10752K, reserved 1048576K
Event: 288.231 GC heap after
Heap after GC invocations=22 (full 3):
 PSYoungGen      total 193536K, used 18929K [0x00000000e0000000, 0x00000000ef100000, 0x0000000100000000)
  eden space 174592K, 0% used [0x00000000e0000000,0x00000000e0000000,0x00000000eaa80000)
  from space 18944K, 99% used [0x00000000eaa80000,0x00000000ebcfc668,0x00000000ebd00000)
  to   space 23040K, 0% used [0x00000000eda80000,0x00000000eda80000,0x00000000ef100000)
 ParOldGen       total 111616K, used 35770K [0x00000000a0000000, 0x00000000a6d00000, 0x00000000e0000000)
  object space 111616K, 32% used [0x00000000a0000000,0x00000000a22ee888,0x00000000a6d00000)
 Metaspace       used 77246K, capacity 80224K, committed 80344K, reserved 1118208K
  class space    used 10179K, capacity 10738K, committed 10752K, reserved 1048576K
}

